2026-02-08 14:23:14,790 - scraping_manager - INFO - Starting scraping session 339bb947-963a-4bf4-acab-a1b3a7a52eea for https://quotes.toscrape.com/
2026-02-08 14:23:18,419 - scraping_manager - INFO - Successfully scraped https://quotes.toscrape.com/
2026-02-08 23:46:20,323 - scraping_manager - INFO - Starting scraping session 108d3b5c-44cd-434d-9315-99ff57d97978 for https://quotes.toscrape.com/
2026-02-08 23:46:24,097 - scraping_manager - INFO - Successfully scraped https://quotes.toscrape.com/
2026-02-08 23:48:09,647 - scraping_manager - INFO - Starting scraping session 3450c53e-e364-4a24-985b-370ae8e71466 for https://www.geeksforgeeks.org/
2026-02-08 23:48:10,993 - scraping_manager - INFO - Successfully scraped https://www.geeksforgeeks.org/
2026-02-15 19:07:16,587 - scraping_manager - INFO - Starting scraping session 0a302765-9523-4442-9d56-24ae2c4da21c for https://www.geeksforgeeks.org/
2026-02-15 19:07:19,135 - scraping_manager - INFO - Successfully scraped https://www.geeksforgeeks.org/
2026-02-15 19:41:13,260 - scraping_manager - INFO - Starting scraping session dde9c801-a531-4448-9815-243288e06b6a for https://www.geeksforgeeks.org/
2026-02-15 19:41:15,665 - scraping_manager - INFO - Successfully scraped https://www.geeksforgeeks.org/
2026-02-15 19:51:08,598 - scraping_manager - INFO - Starting scraping session 1ef6f19a-b3b0-49eb-bf3f-a9171bd3b82f for https://www.geeksforgeeks.org/
2026-02-15 19:51:10,099 - scraping_manager - INFO - Successfully scraped https://www.geeksforgeeks.org/
2026-02-15 19:58:42,806 - scraping_manager - INFO - Starting scraping session 0b84cfa4-f514-4699-b056-96c2d6682e15 for https://www.geeksforgeeks.org/
2026-02-15 19:58:44,201 - scraping_manager - INFO - Successfully scraped https://www.geeksforgeeks.org/
2026-02-15 20:22:13,950 - scraping_manager - INFO - Starting scraping session c903f0b6-6e44-4895-9ab2-17c4770d46df for https://www.geeksforgeeks.org/
2026-02-15 20:22:15,367 - scraping_manager - INFO - Successfully scraped https://www.geeksforgeeks.org/
2026-02-15 20:34:09,008 - scraping_manager - INFO - Starting scraping session 2fad4dd3-98b8-482e-8141-d07759583098 for https://www.geeksforgeeks.org/
2026-02-15 20:34:10,318 - scraping_manager - INFO - Successfully scraped https://www.geeksforgeeks.org/
2026-02-15 23:24:57,097 - scraping_manager - INFO - Starting scraping session 3f7ad518-b468-454e-8545-b00b45e40cd8 for https://www.geeksforgeeks.org/
2026-02-15 23:26:05,328 - scraping_manager - INFO - Starting scraping session eef64426-928f-4edf-99aa-be74fbe82744 for https://www.geeksforgeeks.org/
2026-02-15 23:27:10,633 - scraping_manager - INFO - Starting scraping session 94a46266-09f8-4d1f-8910-ffdcdc816551 for https://www.geeksforgeeks.org/
2026-02-15 23:27:12,119 - scraping_manager - INFO - Successfully scraped https://www.geeksforgeeks.org/
2026-02-15 23:29:59,256 - scraping_manager - INFO - Starting scraping session 26d6f989-cf76-48a7-a7b0-3a545b5d250d for https://www.geeksforgeeks.org/
2026-02-15 23:30:00,934 - scraping_manager - INFO - Successfully scraped https://www.geeksforgeeks.org/
2026-02-15 23:56:43,395 - scraping_manager - INFO - Starting scraping session f8e90398-ad70-4a16-b42b-e07b1a2500d9 for https://www.geeksforgeeks.org/
2026-02-15 23:56:45,040 - scraping_manager - INFO - Successfully scraped https://www.geeksforgeeks.org/
2026-02-15 23:58:39,075 - scraping_manager - INFO - Starting scraping session 7c4eeb7b-c33c-4c9d-a9fd-5341f22a3ce5 for https://www.geeksforgeeks.org/
2026-02-15 23:58:41,416 - scraping_manager - INFO - Successfully scraped https://www.geeksforgeeks.org/
2026-02-16 00:01:41,785 - scraping_manager - INFO - Starting scraping session b1dfef4e-5b00-4e19-8f34-36b12fea6dff for https://www.geeksforgeeks.org/
2026-02-16 00:01:44,330 - scraping_manager - INFO - Successfully scraped https://www.geeksforgeeks.org/
2026-02-16 00:03:08,285 - scraping_manager - INFO - Starting scraping session 91110567-e964-4cf5-a7a7-b1893abee3e9 for https://www.geeksforgeeks.org/
2026-02-16 00:03:09,685 - scraping_manager - INFO - Successfully scraped https://www.geeksforgeeks.org/
2026-02-16 00:05:44,191 - scraping_manager - INFO - Starting scraping session 389e5859-9e67-487c-a84d-0d7b8d6145e5 for https://www.geeksforgeeks.org/
2026-02-16 00:05:45,696 - scraping_manager - INFO - Successfully scraped https://www.geeksforgeeks.org/
2026-02-16 00:06:54,715 - scraping_manager - INFO - Starting scraping session d5226fb7-4c11-4669-8630-5c07a17f6143 for https://www.geeksforgeeks.org/
2026-02-16 00:06:56,076 - scraping_manager - INFO - Successfully scraped https://www.geeksforgeeks.org/
2026-02-16 00:07:29,457 - scraping_manager - INFO - Starting scraping session ad6bc2d7-a9ae-4c4f-ad90-c531d9b7c936 for https://www.geeksforgeeks.org/
2026-02-16 00:07:30,773 - scraping_manager - INFO - Successfully scraped https://www.geeksforgeeks.org/
2026-02-16 00:10:09,227 - scraping_manager - INFO - Starting scraping session 9f45a9f3-564c-48ec-bb5b-c596d6d99dc0 for https://www.geeksforgeeks.org/
2026-02-16 00:10:10,721 - scraping_manager - INFO - Successfully scraped https://www.geeksforgeeks.org/
2026-02-16 00:21:07,634 - scraping_manager - INFO - Starting scraping session 0a5427ab-db23-4d27-92ed-28f6821240e4 for https://www.geeksforgeeks.org/
2026-02-16 00:21:08,937 - scraping_manager - INFO - Successfully scraped https://www.geeksforgeeks.org/
2026-02-16 22:34:40,990 - scraping_manager - INFO - Starting scraping session c811e6e1-ac3f-4c91-b2a5-846591cebb26 for https://www.geeksforgeeks.org/
2026-02-16 22:34:42,532 - scraping_manager - INFO - Successfully scraped https://www.geeksforgeeks.org/
2026-02-16 23:04:41,412 - scraping_manager - INFO - Starting scraping session 253120c6-54db-4ea4-9103-782ec90ac037 for https://www.geeksforgeeks.org/
2026-02-16 23:04:42,812 - scraping_manager - INFO - Successfully scraped https://www.geeksforgeeks.org/
2026-02-16 23:18:58,592 - scraping_manager - INFO - Starting scraping session 4822d0d2-dc05-4a66-90ff-5c2773beadfa for https://www.geeksforgeeks.org/
2026-02-16 23:18:59,926 - scraping_manager - INFO - Successfully scraped https://www.geeksforgeeks.org/
2026-02-16 23:25:12,362 - scraping_manager - INFO - Starting scraping session 9b8161c1-7d2f-4041-bd78-688a75e4b6ae for https://www.geeksforgeeks.org/
2026-02-16 23:25:13,686 - scraping_manager - INFO - Successfully scraped https://www.geeksforgeeks.org/
2026-02-16 23:26:32,601 - scraping_manager - INFO - Starting scraping session 67a4f40c-8249-43cc-8bd3-2ef822036dcc for https://www.geeksforgeeks.org/
2026-02-16 23:26:33,850 - scraping_manager - INFO - Successfully scraped https://www.geeksforgeeks.org/
2026-02-16 23:43:45,295 - scraping_manager - INFO - Starting scraping session b70bc479-38cc-4d10-9f43-d7f25d7ff60e for https://www.geeksforgeeks.org/
2026-02-16 23:43:46,695 - scraping_manager - INFO - Successfully scraped https://www.geeksforgeeks.org/
